2022-02-09T13:46:33.440+0700	ERROR	logger/zap.go:41	Error While processing Request%!(EXTRA handler.Error={400 Bad Request}, <nil>)
simple-api-go2/logger.Errorf
	F:/golang-go/simple-api-go2/logger/zap.go:41
simple-api-go2/handler.HttpError
	F:/golang-go/simple-api-go2/handler/response.go:46
simple-api-go2/api/controllers.(*Users).CreateUser
	F:/golang-go/simple-api-go2/api/controllers/users.go:32
net/http.HandlerFunc.ServeHTTP
	C:/Program Files/Go/src/net/http/server.go:2047
github.com/gorilla/mux.(*Router).ServeHTTP
	C:/Users/Musbahniar/go/pkg/mod/github.com/gorilla/mux@v1.8.0/mux.go:210
simple-api-go2/handler.CORS.func1
	F:/golang-go/simple-api-go2/handler/cors.go:43
net/http.HandlerFunc.ServeHTTP
	C:/Program Files/Go/src/net/http/server.go:2047
net/http.serverHandler.ServeHTTP
	C:/Program Files/Go/src/net/http/server.go:2879
net/http.(*conn).serve
	C:/Program Files/Go/src/net/http/server.go:1930
2022-02-09T13:52:42.913+0700	ERROR	logger/zap.go:41	Error While processing Request%!(EXTRA handler.Error={403 Forbidden, Invalid Api Key}, *url.URL=/api/v1/users)
simple-api-go2/logger.Errorf
	F:/golang-go/simple-api-go2/logger/zap.go:41
simple-api-go2/handler.HttpError
	F:/golang-go/simple-api-go2/handler/response.go:46
simple-api-go2/middleware.ApiKeyMiddleware.func1
	F:/golang-go/simple-api-go2/middleware/auth.go:19
net/http.HandlerFunc.ServeHTTP
	C:/Program Files/Go/src/net/http/server.go:2047
github.com/gorilla/mux.(*Router).ServeHTTP
	C:/Users/Musbahniar/go/pkg/mod/github.com/gorilla/mux@v1.8.0/mux.go:210
simple-api-go2/handler.CORS.func1
	F:/golang-go/simple-api-go2/handler/cors.go:43
net/http.HandlerFunc.ServeHTTP
	C:/Program Files/Go/src/net/http/server.go:2047
net/http.serverHandler.ServeHTTP
	C:/Program Files/Go/src/net/http/server.go:2879
net/http.(*conn).serve
	C:/Program Files/Go/src/net/http/server.go:1930
2022-02-09T13:56:06.696+0700	ERROR	logger/zap.go:41	Error While processing Request%!(EXTRA handler.Error={403 Forbidden, Invalid Api Key}, *url.URL=/api/v1/users)
simple-api-go2/logger.Errorf
	F:/golang-go/simple-api-go2/logger/zap.go:41
simple-api-go2/handler.HttpError
	F:/golang-go/simple-api-go2/handler/response.go:46
simple-api-go2/middleware.ApiKeyMiddleware.func1
	F:/golang-go/simple-api-go2/middleware/auth.go:19
net/http.HandlerFunc.ServeHTTP
	C:/Program Files/Go/src/net/http/server.go:2047
github.com/gorilla/mux.(*Router).ServeHTTP
	C:/Users/Musbahniar/go/pkg/mod/github.com/gorilla/mux@v1.8.0/mux.go:210
simple-api-go2/handler.CORS.func1
	F:/golang-go/simple-api-go2/handler/cors.go:43
net/http.HandlerFunc.ServeHTTP
	C:/Program Files/Go/src/net/http/server.go:2047
net/http.serverHandler.ServeHTTP
	C:/Program Files/Go/src/net/http/server.go:2879
net/http.(*conn).serve
	C:/Program Files/Go/src/net/http/server.go:1930
2022-02-09T14:00:58.502+0700	ERROR	logger/zap.go:41	Error While processing Request%!(EXTRA handler.Error={403 Forbidden, Invalid Api Key}, *url.URL=/api/v1/users/verify)
simple-api-go2/logger.Errorf
	F:/golang-go/simple-api-go2/logger/zap.go:41
simple-api-go2/handler.HttpError
	F:/golang-go/simple-api-go2/handler/response.go:46
simple-api-go2/middleware.ApiKeyMiddleware.func1
	F:/golang-go/simple-api-go2/middleware/auth.go:19
net/http.HandlerFunc.ServeHTTP
	C:/Program Files/Go/src/net/http/server.go:2047
github.com/gorilla/mux.(*Router).ServeHTTP
	C:/Users/Musbahniar/go/pkg/mod/github.com/gorilla/mux@v1.8.0/mux.go:210
simple-api-go2/handler.CORS.func1
	F:/golang-go/simple-api-go2/handler/cors.go:43
net/http.HandlerFunc.ServeHTTP
	C:/Program Files/Go/src/net/http/server.go:2047
net/http.serverHandler.ServeHTTP
	C:/Program Files/Go/src/net/http/server.go:2879
net/http.(*conn).serve
	C:/Program Files/Go/src/net/http/server.go:1930
2022-02-09T14:20:37.068+0700	ERROR	logger/zap.go:41	Error While processing Request%!(EXTRA handler.Error={403 Forbidden, Invalid Api Key}, *url.URL=/api/v1/genre/all)
simple-api-go2/logger.Errorf
	F:/golang-go/simple-api-go2/logger/zap.go:41
simple-api-go2/handler.HttpError
	F:/golang-go/simple-api-go2/handler/response.go:46
simple-api-go2/middleware.ApiKeyMiddleware.func1
	F:/golang-go/simple-api-go2/middleware/auth.go:19
net/http.HandlerFunc.ServeHTTP
	C:/Program Files/Go/src/net/http/server.go:2047
github.com/gorilla/mux.(*Router).ServeHTTP
	C:/Users/Musbahniar/go/pkg/mod/github.com/gorilla/mux@v1.8.0/mux.go:210
simple-api-go2/handler.CORS.func1
	F:/golang-go/simple-api-go2/handler/cors.go:43
net/http.HandlerFunc.ServeHTTP
	C:/Program Files/Go/src/net/http/server.go:2047
net/http.serverHandler.ServeHTTP
	C:/Program Files/Go/src/net/http/server.go:2879
net/http.(*conn).serve
	C:/Program Files/Go/src/net/http/server.go:1930
2022-02-09T14:20:44.540+0700	ERROR	logger/zap.go:41	Error While processing Request%!(EXTRA handler.Error={403 Forbidden, Invalid Api Key}, *url.URL=/api/v1/genre/all)
simple-api-go2/logger.Errorf
	F:/golang-go/simple-api-go2/logger/zap.go:41
simple-api-go2/handler.HttpError
	F:/golang-go/simple-api-go2/handler/response.go:46
simple-api-go2/middleware.ApiKeyMiddleware.func1
	F:/golang-go/simple-api-go2/middleware/auth.go:24
net/http.HandlerFunc.ServeHTTP
	C:/Program Files/Go/src/net/http/server.go:2047
github.com/gorilla/mux.(*Router).ServeHTTP
	C:/Users/Musbahniar/go/pkg/mod/github.com/gorilla/mux@v1.8.0/mux.go:210
simple-api-go2/handler.CORS.func1
	F:/golang-go/simple-api-go2/handler/cors.go:43
net/http.HandlerFunc.ServeHTTP
	C:/Program Files/Go/src/net/http/server.go:2047
net/http.serverHandler.ServeHTTP
	C:/Program Files/Go/src/net/http/server.go:2879
net/http.(*conn).serve
	C:/Program Files/Go/src/net/http/server.go:1930
